Solid Edge Translation to STL
Date: maandag,oktober 02,2023 01:35
Source File:C:\Users\quint\Documents\1. Software Engineer\EOMarkers\3d tekening\main part.par
Source System: SOLID EDGE

Hardware:
Processor: 11th Gen Intel(R) Core(TM) i7-11800H @ 2.30GHz
Operating System: Windows 10
Installed Memory: 15,70 GB

Software Information:
Parasolid Version: 35.0.149
PSBodyshop Version: 35.0.82
Solid Edge Version: 223.00.00.101 x64

STL Export Options:
Output File Format:BINARY
Export Displayed Parts:Off
structureOption: Monolithic
Export Units:Millimeter
Export Tolerance Value:0,050000
Export Tolerance Type:Custom
Export Surface Plane Angle Value:0,523599

Translation progress:
Phase 1 of 2 Fetching Parasolid information...
Number of STL file Created : 1
Translation process completed
Time required to translate:00 : 00 : 00
